Arguments: 
  C:\Program Files\nodejs\node.exe C:\Users\lwfvirgo\AppData\Roaming\npm\node_modules\yarn\bin\yarn.js add stickyard

PATH: 
  C:\Users\lwfvirgo\bin;C:\Program Files\Git\mingw64\bin;C:\Program Files\Git\usr\local\bin;C:\Program Files\Git\usr\bin;C:\Program Files\Git\usr\bin;C:\Program Files\Git\mingw64\bin;C:\Program Files\Git\usr\bin;C:\Users\lwfvirgo\bin;C:\Program Files (x86)\Intel\Intel(R) Management Engine Components\iCLS;C:\Program Files\Intel\Intel(R) Management Engine Components\iCLS;C:\Python27;C:\Python27\Scripts;C:\ProgramData\Oracle\Java\javapath;C:\WINDOWS\system32;C:\WINDOWS;C:\WINDOWS\System32\Wbem;C:\WINDOWS\System32\WindowsPowerShell\v1.0;C:\Program Files\Intel\WiFi\bin;C:\Program Files\Common Files\Intel\WirelessCommon;C:\Program Files\Git\cmd;C:\Users\lwfvirgo\AppData\Roaming\nvm;C:\Program Files\nodejs;C:\Program Files\nodejs;D:\hugo_0.42.2_Windows-64bit;C:\HashiCorp\Vagrant\bin;C:\WINDOWS\System32\OpenSSH;C:\Program Files (x86)\Intel\Intel(R) Management Engine Components\DAL;C:\Program Files\Intel\Intel(R) Management Engine Components\DAL;C:\Program Files (x86)\Intel\Intel(R) Management Engine Components\IPT;C:\Program Files\Intel\Intel(R) Management Engine Components\IPT;C:\Ruby25-x64\bin;D:\安装\Ruby25-x64\bin;C:\Users\lwfvirgo\AppData\Local\Microsoft\WindowsApps;C:\Users\lwfvirgo\AppData\Roaming\nvm;C:\Program Files\nodejs;C:\Users\lwfvirgo\AppData\Roaming\npm;D:\hugo_0.42.2_Windows-64bit;C:\Program Files\Docker Toolbox;D:\installed\Microsoft VS Code\bin;C:\Program Files\Git\usr\bin\vendor_perl;C:\Program Files\Git\usr\bin\core_perl

Yarn version: 
  1.9.2

Node version: 
  8.11.3

Platform: 
  win32 x64

Trace: 
  Error: EPERM: operation not permitted, unlink 'E:\kunqi\my-tests\node_modules\node-sass\vendor\win32-x64-57\binding.node'

npm manifest: 
  {
      "name": "my-tests",
      "version": "1.0.0",
      "description": "",
      "main": "src/index.js",
      "scripts": {
          "new": "node ./generater/createTest.js",
          "flash": "node ./generater/flashRouter.js",
          "start": "react-booter start --config config.js",
          "build": "react-booter build --config config.js",
          "analyze": "react-booter analyze --config config.js"
      },
      "author": "",
      "license": "ISC",
      "devDependencies": {
          "babel-eslint": "^10.0.1",
          "eslint": "^5.9.0",
          "eslint-config-airbnb": "^17.1.0",
          "eslint-loader": "^2.1.1",
          "eslint-plugin-import": "^2.14.0",
          "eslint-plugin-jsx-a11y": "^6.1.2",
          "eslint-plugin-react": "^7.11.1"
      },
      "dependencies": {
          "antd": "^3.5.4",
          "antd-table-infinity": "^1.1.1",
          "babel-loader": "^8.0.4",
          "dom-to-image": "^2.6.0",
          "history": "^4.7.2",
          "immutability-helper": "^2.7.1",
          "inquirer": "^5.2.0",
          "interactjs": "^1.3.4",
          "moment": "^2.22.2",
          "moment-range": "^4.0.1",
          "omit.js": "^1.0.0",
          "react-beautiful-dnd": "7.1.3",
          "react-booter": "1.0.17",
          "react-dnd": "^5.0.0",
          "react-dnd-html5-backend": "^5.0.1",
          "react-loadable": "^5.4.0",
          "react-transition-group": "^2.5.0"
      }
  }

yarn manifest: 
  No manifest

Lockfile: 
  No lockfile
